  [1m[35m (1.2ms)[0m  [1m[35mCREATE TABLE "schema_migrations" ("version" varchar NOT NULL PRIMARY KEY)[0m
  [1m[35m (1.6ms)[0m  [1m[35mCREATE TABLE "ar_internal_metadata" ("key" varchar NOT NULL PRIMARY KEY, "value" varchar, "created_at" datetime(6) NOT NULL, "updated_at" datetime(6) NOT NULL)[0m
  [1m[36mActiveRecord::SchemaMigration Pluck (0.5ms)[0m  [1m[34mSELECT "schema_migrations"."version" FROM "schema_migrations" ORDER BY "schema_migrations"."version" ASC[0m
Migrating to CreateListings (20220915091829)
  [1m[36mTRANSACTION (0.1ms)[0m  [1m[36mbegin transaction[0m
  [1m[35m (0.7ms)[0m  [1m[35mCREATE TABLE "listings" ("id" integer PRIMARY KEY AUTOINCREMENT NOT NULL, "name" varchar, "num_rooms" integer, "created_at" datetime(6) NOT NULL, "updated_at" datetime(6) NOT NULL)[0m
  [1m[36mActiveRecord::SchemaMigration Create (0.3ms)[0m  [1m[32mINSERT INTO "schema_migrations" ("version") VALUES (?)[0m  [["version", "20220915091829"]]
  [1m[36mTRANSACTION (2.6ms)[0m  [1m[36mcommit transaction[0m
Migrating to CreateBookings (20220915092138)
  [1m[36mTRANSACTION (0.1ms)[0m  [1m[36mbegin transaction[0m
  [1m[35m (0.7ms)[0m  [1m[35mCREATE TABLE "bookings" ("id" integer PRIMARY KEY AUTOINCREMENT NOT NULL, "listing_id" integer NOT NULL, "start_date" date, "end_date" date, "created_at" datetime(6) NOT NULL, "updated_at" datetime(6) NOT NULL, CONSTRAINT "fk_rails_a6b33036fa"
FOREIGN KEY ("listing_id")
  REFERENCES "listings" ("id")
)[0m
  [1m[35m (0.3ms)[0m  [1m[35mCREATE INDEX "index_bookings_on_listing_id" ON "bookings" ("listing_id")[0m
  [1m[36mActiveRecord::SchemaMigration Create (0.3ms)[0m  [1m[32mINSERT INTO "schema_migrations" ("version") VALUES (?)[0m  [["version", "20220915092138"]]
  [1m[36mTRANSACTION (1.2ms)[0m  [1m[36mcommit transaction[0m
Migrating to CreateReservations (20220915092319)
  [1m[36mTRANSACTION (0.1ms)[0m  [1m[36mbegin transaction[0m
  [1m[35m (0.8ms)[0m  [1m[35mCREATE TABLE "reservations" ("id" integer PRIMARY KEY AUTOINCREMENT NOT NULL, "listing_id" integer NOT NULL, "start_date" date, "end_date" date, "created_at" datetime(6) NOT NULL, "updated_at" datetime(6) NOT NULL, CONSTRAINT "fk_rails_6d899b98d1"
FOREIGN KEY ("listing_id")
  REFERENCES "listings" ("id")
)[0m
  [1m[35m (0.2ms)[0m  [1m[35mCREATE INDEX "index_reservations_on_listing_id" ON "reservations" ("listing_id")[0m
  [1m[36mActiveRecord::SchemaMigration Create (0.4ms)[0m  [1m[32mINSERT INTO "schema_migrations" ("version") VALUES (?)[0m  [["version", "20220915092319"]]
  [1m[36mTRANSACTION (1.1ms)[0m  [1m[36mcommit transaction[0m
Migrating to CreateMissions (20220915092457)
  [1m[36mTRANSACTION (0.1ms)[0m  [1m[36mbegin transaction[0m
  [1m[35m (0.7ms)[0m  [1m[35mCREATE TABLE "missions" ("id" integer PRIMARY KEY AUTOINCREMENT NOT NULL, "listing_id" integer NOT NULL, "first_checkin" date, "last_checkout" date, "checkout_checkin" date, "created_at" datetime(6) NOT NULL, "updated_at" datetime(6) NOT NULL, CONSTRAINT "fk_rails_b0a9f91daa"
FOREIGN KEY ("listing_id")
  REFERENCES "listings" ("id")
)[0m
  [1m[35m (0.3ms)[0m  [1m[35mCREATE INDEX "index_missions_on_listing_id" ON "missions" ("listing_id")[0m
  [1m[36mActiveRecord::SchemaMigration Create (0.3ms)[0m  [1m[32mINSERT INTO "schema_migrations" ("version") VALUES (?)[0m  [["version", "20220915092457"]]
  [1m[36mTRANSACTION (1.3ms)[0m  [1m[36mcommit transaction[0m
Migrating to AddPriceToMissions (20220915092756)
  [1m[36mTRANSACTION (0.1ms)[0m  [1m[36mbegin transaction[0m
  [1m[35m (1.2ms)[0m  [1m[35mALTER TABLE "missions" ADD "price" integer[0m
  [1m[36mActiveRecord::SchemaMigration Create (0.3ms)[0m  [1m[32mINSERT INTO "schema_migrations" ("version") VALUES (?)[0m  [["version", "20220915092756"]]
  [1m[36mTRANSACTION (0.7ms)[0m  [1m[36mcommit transaction[0m
  [1m[36mActiveRecord::InternalMetadata Load (0.3ms)[0m  [1m[34mSELECT "ar_internal_metadata".* FROM "ar_internal_metadata" WHERE "ar_internal_metadata"."key" = ? LIMIT ?[0m  [["key", "environment"], ["LIMIT", 1]]
  [1m[36mTRANSACTION (0.1ms)[0m  [1m[36mbegin transaction[0m
  [1m[36mActiveRecord::InternalMetadata Create (0.5ms)[0m  [1m[32mINSERT INTO "ar_internal_metadata" ("key", "value", "created_at", "updated_at") VALUES (?, ?, ?, ?)[0m  [["key", "environment"], ["value", "development"], ["created_at", "2022-09-15 09:28:56.456158"], ["updated_at", "2022-09-15 09:28:56.456158"]]
  [1m[36mTRANSACTION (2.4ms)[0m  [1m[36mcommit transaction[0m
  [1m[36mActiveRecord::SchemaMigration Pluck (0.1ms)[0m  [1m[34mSELECT "schema_migrations"."version" FROM "schema_migrations" ORDER BY "schema_migrations"."version" ASC[0m
  [1m[36mActiveRecord::SchemaMigration Pluck (0.2ms)[0m  [1m[34mSELECT "schema_migrations"."version" FROM "schema_migrations" ORDER BY "schema_migrations"."version" ASC[0m
  [1m[36mActiveRecord::InternalMetadata Load (0.3ms)[0m  [1m[34mSELECT "ar_internal_metadata".* FROM "ar_internal_metadata" WHERE "ar_internal_metadata"."key" = ? LIMIT ?[0m  [["key", "environment"], ["LIMIT", 1]]
  [1m[36mActiveRecord::SchemaMigration Pluck (0.1ms)[0m  [1m[34mSELECT "schema_migrations"."version" FROM "schema_migrations" ORDER BY "schema_migrations"."version" ASC[0m
  [1m[36mActiveRecord::SchemaMigration Pluck (0.2ms)[0m  [1m[34mSELECT "schema_migrations"."version" FROM "schema_migrations" ORDER BY "schema_migrations"."version" ASC[0m
  [1m[36mActiveRecord::InternalMetadata Load (0.2ms)[0m  [1m[34mSELECT "ar_internal_metadata".* FROM "ar_internal_metadata" WHERE "ar_internal_metadata"."key" = ? LIMIT ?[0m  [["key", "environment"], ["LIMIT", 1]]
  [1m[36mActiveRecord::SchemaMigration Pluck (0.1ms)[0m  [1m[34mSELECT "schema_migrations"."version" FROM "schema_migrations" ORDER BY "schema_migrations"."version" ASC[0m
  [1m[36mActiveRecord::SchemaMigration Pluck (0.2ms)[0m  [1m[34mSELECT "schema_migrations"."version" FROM "schema_migrations" ORDER BY "schema_migrations"."version" ASC[0m
  [1m[36mActiveRecord::InternalMetadata Load (0.2ms)[0m  [1m[34mSELECT "ar_internal_metadata".* FROM "ar_internal_metadata" WHERE "ar_internal_metadata"."key" = ? LIMIT ?[0m  [["key", "environment"], ["LIMIT", 1]]
  [1m[36mActiveRecord::SchemaMigration Pluck (0.1ms)[0m  [1m[34mSELECT "schema_migrations"."version" FROM "schema_migrations" ORDER BY "schema_migrations"."version" ASC[0m
  [1m[36mActiveRecord::SchemaMigration Pluck (0.2ms)[0m  [1m[34mSELECT "schema_migrations"."version" FROM "schema_migrations" ORDER BY "schema_migrations"."version" ASC[0m
  [1m[36mActiveRecord::SchemaMigration Pluck (0.1ms)[0m  [1m[34mSELECT "schema_migrations"."version" FROM "schema_migrations" ORDER BY "schema_migrations"."version" ASC[0m
  [1m[36mActiveRecord::SchemaMigration Pluck (0.1ms)[0m  [1m[34mSELECT "schema_migrations"."version" FROM "schema_migrations" ORDER BY "schema_migrations"."version" ASC[0m
  [1m[36mActiveRecord::SchemaMigration Pluck (0.1ms)[0m  [1m[34mSELECT "schema_migrations"."version" FROM "schema_migrations" ORDER BY "schema_migrations"."version" ASC[0m
Migrating to AddPriceToMissions (20220915092756)
  [1m[36mTRANSACTION (0.1ms)[0m  [1m[36mbegin transaction[0m
  [1m[35m (0.0ms)[0m  [1m[35mPRAGMA foreign_keys[0m
  [1m[35m (0.0ms)[0m  [1m[35mPRAGMA defer_foreign_keys[0m
  [1m[35m (0.0ms)[0m  [1m[35mPRAGMA defer_foreign_keys = ON[0m
  [1m[35m (0.0ms)[0m  [1m[35mPRAGMA foreign_keys = OFF[0m
  [1m[35m (0.3ms)[0m  [1m[35mCREATE TEMPORARY TABLE "amissions" ("id" integer NOT NULL PRIMARY KEY, "listing_id" integer NOT NULL, "first_checkin" date DEFAULT NULL, "last_checkout" date DEFAULT NULL, "checkout_checkin" date DEFAULT NULL, "created_at" datetime(6) NOT NULL, "updated_at" datetime(6) NOT NULL, "price" integer DEFAULT NULL)[0m
  [1m[35m (0.2ms)[0m  [1m[35mCREATE INDEX "tindex_amissions_on_listing_id" ON "amissions" ("listing_id")[0m
  [1m[35m (0.3ms)[0m  [1m[32mINSERT INTO "amissions" ("id","listing_id","first_checkin","last_checkout","checkout_checkin","created_at","updated_at","price")
                     SELECT "id","listing_id","first_checkin","last_checkout","checkout_checkin","created_at","updated_at","price" FROM "missions"[0m
  [1m[35m (1.0ms)[0m  [1m[35mDROP TABLE "missions"[0m
  [1m[35m (0.2ms)[0m  [1m[35mCREATE TABLE "missions" ("id" integer NOT NULL PRIMARY KEY, "listing_id" integer NOT NULL, "first_checkin" date DEFAULT NULL, "last_checkout" date DEFAULT NULL, "checkout_checkin" date DEFAULT NULL, "created_at" datetime(6) NOT NULL, "updated_at" datetime(6) NOT NULL, CONSTRAINT "fk_rails_b0a9f91daa"
FOREIGN KEY ("listing_id")
  REFERENCES "listings" ("id")
)[0m
  [1m[35m (0.1ms)[0m  [1m[35mCREATE INDEX "index_missions_on_listing_id" ON "missions" ("listing_id")[0m
  [1m[35m (0.1ms)[0m  [1m[32mINSERT INTO "missions" ("id","listing_id","first_checkin","last_checkout","checkout_checkin","created_at","updated_at")
                     SELECT "id","listing_id","first_checkin","last_checkout","checkout_checkin","created_at","updated_at" FROM "amissions"[0m
  [1m[35m (0.1ms)[0m  [1m[35mDROP TABLE "amissions"[0m
  [1m[35m (0.0ms)[0m  [1m[35mPRAGMA defer_foreign_keys = 0[0m
  [1m[35m (0.0ms)[0m  [1m[35mPRAGMA foreign_keys = 1[0m
  [1m[36mActiveRecord::SchemaMigration Delete All (0.2ms)[0m  [1m[31mDELETE FROM "schema_migrations" WHERE "schema_migrations"."version" = ?[0m  [["version", "20220915092756"]]
  [1m[36mTRANSACTION (0.9ms)[0m  [1m[36mcommit transaction[0m
  [1m[36mActiveRecord::SchemaMigration Pluck (0.1ms)[0m  [1m[34mSELECT "schema_migrations"."version" FROM "schema_migrations" ORDER BY "schema_migrations"."version" ASC[0m
  [1m[36mActiveRecord::SchemaMigration Pluck (0.2ms)[0m  [1m[34mSELECT "schema_migrations"."version" FROM "schema_migrations" ORDER BY "schema_migrations"."version" ASC[0m
  [1m[36mActiveRecord::SchemaMigration Pluck (0.1ms)[0m  [1m[34mSELECT "schema_migrations"."version" FROM "schema_migrations" ORDER BY "schema_migrations"."version" ASC[0m
  [1m[36mActiveRecord::SchemaMigration Pluck (0.1ms)[0m  [1m[34mSELECT "schema_migrations"."version" FROM "schema_migrations" ORDER BY "schema_migrations"."version" ASC[0m
  [1m[36mActiveRecord::SchemaMigration Pluck (0.1ms)[0m  [1m[34mSELECT "schema_migrations"."version" FROM "schema_migrations" ORDER BY "schema_migrations"."version" ASC[0m
Migrating to CreateMissions (20220915092457)
  [1m[36mTRANSACTION (0.1ms)[0m  [1m[36mbegin transaction[0m
  [1m[35m (0.7ms)[0m  [1m[35mDROP TABLE "missions"[0m
  [1m[36mActiveRecord::SchemaMigration Delete All (0.2ms)[0m  [1m[31mDELETE FROM "schema_migrations" WHERE "schema_migrations"."version" = ?[0m  [["version", "20220915092457"]]
  [1m[36mTRANSACTION (0.7ms)[0m  [1m[36mcommit transaction[0m
  [1m[36mActiveRecord::SchemaMigration Pluck (0.1ms)[0m  [1m[34mSELECT "schema_migrations"."version" FROM "schema_migrations" ORDER BY "schema_migrations"."version" ASC[0m
  [1m[36mActiveRecord::SchemaMigration Pluck (0.2ms)[0m  [1m[34mSELECT "schema_migrations"."version" FROM "schema_migrations" ORDER BY "schema_migrations"."version" ASC[0m
Migrating to CreateMissions (20220915095422)
  [1m[36mTRANSACTION (0.1ms)[0m  [1m[36mbegin transaction[0m
  [1m[35m (0.6ms)[0m  [1m[35mCREATE TABLE "missions" ("id" integer PRIMARY KEY AUTOINCREMENT NOT NULL, "listing_id" integer NOT NULL, "price" integer, "mission_type" varchar, "created_at" datetime(6) NOT NULL, "updated_at" datetime(6) NOT NULL, CONSTRAINT "fk_rails_b0a9f91daa"
FOREIGN KEY ("listing_id")
  REFERENCES "listings" ("id")
)[0m
  [1m[35m (0.2ms)[0m  [1m[35mCREATE INDEX "index_missions_on_listing_id" ON "missions" ("listing_id")[0m
  [1m[36mActiveRecord::SchemaMigration Create (0.2ms)[0m  [1m[32mINSERT INTO "schema_migrations" ("version") VALUES (?)[0m  [["version", "20220915095422"]]
  [1m[36mTRANSACTION (1.0ms)[0m  [1m[36mcommit transaction[0m
  [1m[36mActiveRecord::InternalMetadata Load (0.2ms)[0m  [1m[34mSELECT "ar_internal_metadata".* FROM "ar_internal_metadata" WHERE "ar_internal_metadata"."key" = ? LIMIT ?[0m  [["key", "environment"], ["LIMIT", 1]]
  [1m[36mActiveRecord::SchemaMigration Pluck (0.1ms)[0m  [1m[34mSELECT "schema_migrations"."version" FROM "schema_migrations" ORDER BY "schema_migrations"."version" ASC[0m
  [1m[36mActiveRecord::SchemaMigration Pluck (0.4ms)[0m  [1m[34mSELECT "schema_migrations"."version" FROM "schema_migrations" ORDER BY "schema_migrations"."version" ASC[0m
Migrating to AddDateToMission (20220915102641)
  [1m[36mTRANSACTION (0.1ms)[0m  [1m[36mbegin transaction[0m
  [1m[35m (0.4ms)[0m  [1m[35mALTER TABLE "mission" ADD "date" date[0m
  [1m[36mTRANSACTION (0.0ms)[0m  [1m[31mrollback transaction[0m
  [1m[36mActiveRecord::SchemaMigration Pluck (0.2ms)[0m  [1m[34mSELECT "schema_migrations"."version" FROM "schema_migrations" ORDER BY "schema_migrations"."version" ASC[0m
Migrating to AddDateToMission (20220915102641)
  [1m[36mTRANSACTION (0.1ms)[0m  [1m[36mbegin transaction[0m
  [1m[35m (0.8ms)[0m  [1m[35mALTER TABLE "missions" ADD "date" date[0m
  [1m[36mActiveRecord::SchemaMigration Create (0.4ms)[0m  [1m[32mINSERT INTO "schema_migrations" ("version") VALUES (?)[0m  [["version", "20220915102641"]]
  [1m[36mTRANSACTION (0.8ms)[0m  [1m[36mcommit transaction[0m
  [1m[36mActiveRecord::InternalMetadata Load (0.6ms)[0m  [1m[34mSELECT "ar_internal_metadata".* FROM "ar_internal_metadata" WHERE "ar_internal_metadata"."key" = ? LIMIT ?[0m  [["key", "environment"], ["LIMIT", 1]]
  [1m[36mActiveRecord::SchemaMigration Pluck (0.1ms)[0m  [1m[34mSELECT "schema_migrations"."version" FROM "schema_migrations" ORDER BY "schema_migrations"."version" ASC[0m
  [1m[36mActiveRecord::SchemaMigration Pluck (0.4ms)[0m  [1m[34mSELECT "schema_migrations"."version" FROM "schema_migrations" ORDER BY "schema_migrations"."version" ASC[0m
  [1m[36mBooking Delete All (0.4ms)[0m  [1m[31mDELETE FROM "bookings"[0m
  [1m[36mReservation Delete All (0.3ms)[0m  [1m[31mDELETE FROM "reservations"[0m
  [1m[36mMission Delete All (0.3ms)[0m  [1m[31mDELETE FROM "missions"[0m
  [1m[36mListing Delete All (0.3ms)[0m  [1m[31mDELETE FROM "listings"[0m
  [1m[36mTRANSACTION (0.1ms)[0m  [1m[36mbegin transaction[0m
  [1m[36mListing Create (0.9ms)[0m  [1m[32mINSERT INTO "listings" ("name", "num_rooms", "created_at", "updated_at") VALUES (?, ?, ?, ?)[0m  [["name", nil], ["num_rooms", 2], ["created_at", "2022-09-15 11:01:50.427723"], ["updated_at", "2022-09-15 11:01:50.427723"]]
  [1m[36mTRANSACTION (0.8ms)[0m  [1m[36mcommit transaction[0m
  [1m[36mTRANSACTION (0.0ms)[0m  [1m[36mbegin transaction[0m
  [1m[36mListing Create (0.4ms)[0m  [1m[32mINSERT INTO "listings" ("name", "num_rooms", "created_at", "updated_at") VALUES (?, ?, ?, ?)[0m  [["name", nil], ["num_rooms", 1], ["created_at", "2022-09-15 11:01:50.433581"], ["updated_at", "2022-09-15 11:01:50.433581"]]
  [1m[36mTRANSACTION (0.8ms)[0m  [1m[36mcommit transaction[0m
  [1m[36mTRANSACTION (0.0ms)[0m  [1m[36mbegin transaction[0m
  [1m[36mListing Create (0.4ms)[0m  [1m[32mINSERT INTO "listings" ("name", "num_rooms", "created_at", "updated_at") VALUES (?, ?, ?, ?)[0m  [["name", nil], ["num_rooms", 3], ["created_at", "2022-09-15 11:01:50.437423"], ["updated_at", "2022-09-15 11:01:50.437423"]]
  [1m[36mTRANSACTION (0.7ms)[0m  [1m[36mcommit transaction[0m
  [1m[36mListing Load (0.3ms)[0m  [1m[34mSELECT "listings".* FROM "listings" ORDER BY "listings"."id" ASC LIMIT ?[0m  [["LIMIT", 1]]
  [1m[36mTRANSACTION (0.1ms)[0m  [1m[36mbegin transaction[0m
  [1m[36mListing Load (0.2ms)[0m  [1m[34mSELECT "listings".* FROM "listings" WHERE "listings"."id" = ? LIMIT ?[0m  [["id", 1], ["LIMIT", 1]]
  [1m[36mBooking Create (0.6ms)[0m  [1m[32mINSERT INTO "bookings" ("listing_id", "start_date", "end_date", "created_at", "updated_at") VALUES (?, ?, ?, ?, ?)[0m  [["listing_id", 1], ["start_date", "2016-10-10"], ["end_date", "2016-10-15"], ["created_at", "2022-09-15 11:01:50.475274"], ["updated_at", "2022-09-15 11:01:50.475274"]]
  [1m[36mTRANSACTION (0.9ms)[0m  [1m[36mcommit transaction[0m
  [1m[36mListing Load (0.1ms)[0m  [1m[34mSELECT "listings".* FROM "listings" ORDER BY "listings"."id" ASC LIMIT ?[0m  [["LIMIT", 1]]
  [1m[36mTRANSACTION (0.0ms)[0m  [1m[36mbegin transaction[0m
  [1m[36mListing Load (0.1ms)[0m  [1m[34mSELECT "listings".* FROM "listings" WHERE "listings"."id" = ? LIMIT ?[0m  [["id", 1], ["LIMIT", 1]]
  [1m[36mBooking Create (0.4ms)[0m  [1m[32mINSERT INTO "bookings" ("listing_id", "start_date", "end_date", "created_at", "updated_at") VALUES (?, ?, ?, ?, ?)[0m  [["listing_id", 1], ["start_date", "2016-10-16"], ["end_date", "2016-10-20"], ["created_at", "2022-09-15 11:01:50.482436"], ["updated_at", "2022-09-15 11:01:50.482436"]]
  [1m[36mTRANSACTION (0.9ms)[0m  [1m[36mcommit transaction[0m
  [1m[36mListing Load (0.2ms)[0m  [1m[34mSELECT "listings".* FROM "listings" ORDER BY "listings"."id" ASC LIMIT ? OFFSET ?[0m  [["LIMIT", 1], ["OFFSET", 1]]
  [1m[36mTRANSACTION (0.0ms)[0m  [1m[36mbegin transaction[0m
  [1m[36mListing Load (0.1ms)[0m  [1m[34mSELECT "listings".* FROM "listings" WHERE "listings"."id" = ? LIMIT ?[0m  [["id", 2], ["LIMIT", 1]]
  [1m[36mBooking Create (0.4ms)[0m  [1m[32mINSERT INTO "bookings" ("listing_id", "start_date", "end_date", "created_at", "updated_at") VALUES (?, ?, ?, ?, ?)[0m  [["listing_id", 2], ["start_date", "2016-10-15"], ["end_date", "2016-10-20"], ["created_at", "2022-09-15 11:01:50.489753"], ["updated_at", "2022-09-15 11:01:50.489753"]]
  [1m[36mTRANSACTION (0.8ms)[0m  [1m[36mcommit transaction[0m
  [1m[36mListing Load (0.1ms)[0m  [1m[34mSELECT "listings".* FROM "listings" ORDER BY "listings"."id" ASC LIMIT ?[0m  [["LIMIT", 1]]
  [1m[36mTRANSACTION (0.0ms)[0m  [1m[36mbegin transaction[0m
  [1m[36mListing Load (0.1ms)[0m  [1m[34mSELECT "listings".* FROM "listings" WHERE "listings"."id" = ? LIMIT ?[0m  [["id", 1], ["LIMIT", 1]]
  [1m[36mReservation Create (1.0ms)[0m  [1m[32mINSERT INTO "reservations" ("listing_id", "start_date", "end_date", "created_at", "updated_at") VALUES (?, ?, ?, ?, ?)[0m  [["listing_id", 1], ["start_date", "2016-10-11"], ["end_date", "2016-10-13"], ["created_at", "2022-09-15 11:01:50.499797"], ["updated_at", "2022-09-15 11:01:50.499797"]]
  [1m[36mTRANSACTION (0.8ms)[0m  [1m[36mcommit transaction[0m
  [1m[36mListing Load (0.1ms)[0m  [1m[34mSELECT "listings".* FROM "listings" ORDER BY "listings"."id" ASC LIMIT ?[0m  [["LIMIT", 1]]
  [1m[36mTRANSACTION (0.0ms)[0m  [1m[36mbegin transaction[0m
  [1m[36mListing Load (0.1ms)[0m  [1m[34mSELECT "listings".* FROM "listings" WHERE "listings"."id" = ? LIMIT ?[0m  [["id", 1], ["LIMIT", 1]]
  [1m[36mReservation Create (0.4ms)[0m  [1m[32mINSERT INTO "reservations" ("listing_id", "start_date", "end_date", "created_at", "updated_at") VALUES (?, ?, ?, ?, ?)[0m  [["listing_id", 1], ["start_date", "2016-10-13"], ["end_date", "2016-10-15"], ["created_at", "2022-09-15 11:01:50.507028"], ["updated_at", "2022-09-15 11:01:50.507028"]]
  [1m[36mTRANSACTION (0.9ms)[0m  [1m[36mcommit transaction[0m
  [1m[36mListing Load (0.1ms)[0m  [1m[34mSELECT "listings".* FROM "listings" ORDER BY "listings"."id" ASC LIMIT ?[0m  [["LIMIT", 1]]
  [1m[36mTRANSACTION (0.1ms)[0m  [1m[36mbegin transaction[0m
  [1m[36mListing Load (0.1ms)[0m  [1m[34mSELECT "listings".* FROM "listings" WHERE "listings"."id" = ? LIMIT ?[0m  [["id", 1], ["LIMIT", 1]]
  [1m[36mReservation Create (0.4ms)[0m  [1m[32mINSERT INTO "reservations" ("listing_id", "start_date", "end_date", "created_at", "updated_at") VALUES (?, ?, ?, ?, ?)[0m  [["listing_id", 1], ["start_date", "2016-10-16"], ["end_date", "2016-10-20"], ["created_at", "2022-09-15 11:01:50.514048"], ["updated_at", "2022-09-15 11:01:50.514048"]]
  [1m[36mTRANSACTION (0.8ms)[0m  [1m[36mcommit transaction[0m
  [1m[36mListing Load (0.1ms)[0m  [1m[34mSELECT "listings".* FROM "listings" ORDER BY "listings"."id" ASC LIMIT ? OFFSET ?[0m  [["LIMIT", 1], ["OFFSET", 1]]
  [1m[36mTRANSACTION (0.0ms)[0m  [1m[36mbegin transaction[0m
  [1m[36mListing Load (0.1ms)[0m  [1m[34mSELECT "listings".* FROM "listings" WHERE "listings"."id" = ? LIMIT ?[0m  [["id", 2], ["LIMIT", 1]]
  [1m[36mReservation Create (0.4ms)[0m  [1m[32mINSERT INTO "reservations" ("listing_id", "start_date", "end_date", "created_at", "updated_at") VALUES (?, ?, ?, ?, ?)[0m  [["listing_id", 2], ["start_date", "2016-10-15"], ["end_date", "2016-10-18"], ["created_at", "2022-09-15 11:01:50.520832"], ["updated_at", "2022-09-15 11:01:50.520832"]]
  [1m[36mTRANSACTION (0.9ms)[0m  [1m[36mcommit transaction[0m
  [1m[36mMission Load (0.1ms)[0m  [1m[34mSELECT "missions".* FROM "missions"[0m
  [1m[36mBooking Load (0.5ms)[0m  [1m[34mSELECT "bookings".* FROM "bookings" ORDER BY "bookings"."id" ASC LIMIT ?[0m  [["LIMIT", 1]]
